[debug] [2026-07-01T11:49:20.973Z] ----------------------------------------------------------------------
[debug] [2026-07-01T11:49:20.974Z] Command:       C:\Program Files\nodejs\node.exe C:\Users\yasha\AppData\Roaming\npm\node_modules\firebase-tools\lib\bin\firebase.js init hosting
[debug] [2026-07-01T11:49:20.975Z] CLI Version:   15.22.4
[debug] [2026-07-01T11:49:20.975Z] Platform:      win32
[debug] [2026-07-01T11:49:20.975Z] Node Version:  v24.14.0
[debug] [2026-07-01T11:49:20.975Z] Detected Agent: unknown
[debug] [2026-07-01T11:49:20.975Z] Time:          Wed Jul 01 2026 17:19:20 GMT+0530 (India Standard Time)
[debug] [2026-07-01T11:49:20.975Z] ----------------------------------------------------------------------
[debug] 
[info] 
     ######## #### ########  ######## ########     ###     ######  ########
     ##        ##  ##     ## ##       ##     ##  ##   ##  ##       ##
     ######    ##  ########  ######   ########  #########  ######  ######
     ##        ##  ##    ##  ##       ##     ## ##     ##       ## ##
     ##       #### ##     ## ######## ########  ##     ##  ######  ########

You're about to initialize a Firebase project in this directory:

  D:\ORCA_main\O.R.C.A-draft\orca-redesign

[info] 
=== Project Setup
[info] 
[info] First, let's associate this project directory with a Firebase project.
[info] You can create multiple project aliases by running firebase use --add, 
[info] 
[debug] [2026-07-01T11:49:27.005Z] > command requires scopes: ["email","openid","https://www.googleapis.com/auth/cloudplatformprojects.readonly","https://www.googleapis.com/auth/firebase","https://www.googleapis.com/auth/cloud-platform"]
[debug] [2026-07-01T11:49:27.005Z] > authorizing via signed-in user (yashasvikr483@gmail.com)
[debug] [2026-07-01T11:49:27.006Z] Checked if tokens are valid: true, expires at: 1782909995959
[debug] [2026-07-01T11:49:27.006Z] Checked if tokens are valid: true, expires at: 1782909995959
[debug] [2026-07-01T11:49:27.007Z] >>> [apiv2][query] GET https://firebase.googleapis.com/v1beta1/projects/orca-49591 [none]
[debug] [2026-07-01T11:49:27.633Z] <<< [apiv2][status] GET https://firebase.googleapis.com/v1beta1/projects/orca-49591 200
[debug] [2026-07-01T11:49:27.633Z] <<< [apiv2][body] GET https://firebase.googleapis.com/v1beta1/projects/orca-49591 {"projectId":"orca-49591","projectNumber":"851973313915","displayName":"ORCA","name":"projects/orca-49591","resources":{"hostingSite":"orca-49591"},"state":"ACTIVE","labels":{"firebase":"enabled"},"etag":"1_0d2f58b9-93af-44fb-b9d8-3641f00cba6f"}
[info] i  Using project orca-49591 (ORCA) . 
[info] 
=== Hosting Setup
[info] 
[debug] [2026-07-01T11:50:09.112Z] ExitPromptError: User force closed the prompt with SIGINT
    at Interface.sigint (C:\Users\yasha\AppData\Roaming\npm\node_modules\firebase-tools\node_modules\@inquirer\core\dist\commonjs\lib\create-prompt.js:101:37)
    at Interface.emit (node:events:508:28)
    at [_ttyWrite] [as _ttyWrite] (node:internal/readline/interface:1327:18)
    at ReadStream.onkeypress (node:internal/readline/interface:284:20)
    at ReadStream.emit (node:events:520:35)
    at emitKeys (node:internal/readline/utils:371:14)
    at emitKeys.next (<anonymous>)
    at ReadStream.onData (node:internal/readline/emitKeypressEvents:64:36)
    at ReadStream.emit (node:events:508:28)
    at addChunk (node:internal/streams/readable:563:12)
[error] 
[error] Error: An unexpected error has occurred.
[debug] [2026-07-01T11:54:07.273Z] ----------------------------------------------------------------------
[debug] [2026-07-01T11:54:07.275Z] Command:       C:\Program Files\nodejs\node.exe C:\Users\yasha\AppData\Roaming\npm\node_modules\firebase-tools\lib\bin\firebase.js init hosting
[debug] [2026-07-01T11:54:07.275Z] CLI Version:   15.22.4
[debug] [2026-07-01T11:54:07.275Z] Platform:      win32
[debug] [2026-07-01T11:54:07.275Z] Node Version:  v24.14.0
[debug] [2026-07-01T11:54:07.275Z] Detected Agent: unknown
[debug] [2026-07-01T11:54:07.275Z] Time:          Wed Jul 01 2026 17:24:07 GMT+0530 (India Standard Time)
[debug] [2026-07-01T11:54:07.275Z] ----------------------------------------------------------------------
[debug] 
[info] 
     ######## #### ########  ######## ########     ###     ######  ########
     ##        ##  ##     ## ##       ##     ##  ##   ##  ##       ##
     ######    ##  ########  ######   ########  #########  ######  ######
     ##        ##  ##    ##  ##       ##     ## ##     ##       ## ##
     ##       #### ##     ## ######## ########  ##     ##  ######  ########

You're about to initialize a Firebase project in this directory:

  D:\ORCA_main\O.R.C.A-draft\orca-redesign

[info] 
=== Project Setup
[info] 
[info] First, let's associate this project directory with a Firebase project.
[info] You can create multiple project aliases by running firebase use --add, 
[info] 
[debug] [2026-07-01T11:54:10.983Z] > command requires scopes: ["email","openid","https://www.googleapis.com/auth/cloudplatformprojects.readonly","https://www.googleapis.com/auth/firebase","https://www.googleapis.com/auth/cloud-platform"]
[debug] [2026-07-01T11:54:10.983Z] > authorizing via signed-in user (yashasvikr483@gmail.com)
[debug] [2026-07-01T11:54:10.984Z] Checked if tokens are valid: true, expires at: 1782909995959
[debug] [2026-07-01T11:54:10.984Z] Checked if tokens are valid: true, expires at: 1782909995959
[debug] [2026-07-01T11:54:10.985Z] >>> [apiv2][query] GET https://firebase.googleapis.com/v1beta1/projects/orca-49591 [none]
[debug] [2026-07-01T11:54:11.708Z] <<< [apiv2][status] GET https://firebase.googleapis.com/v1beta1/projects/orca-49591 200
[debug] [2026-07-01T11:54:11.708Z] <<< [apiv2][body] GET https://firebase.googleapis.com/v1beta1/projects/orca-49591 {"projectId":"orca-49591","projectNumber":"851973313915","displayName":"ORCA","name":"projects/orca-49591","resources":{"hostingSite":"orca-49591"},"state":"ACTIVE","labels":{"firebase":"enabled"},"etag":"1_0d2f58b9-93af-44fb-b9d8-3641f00cba6f"}
[info] i  Using project orca-49591 (ORCA) . 
[info] 
=== Hosting Setup
[info] 
[debug] [2026-07-01T11:54:50.762Z] ExitPromptError: User force closed the prompt with SIGINT
    at Interface.sigint (C:\Users\yasha\AppData\Roaming\npm\node_modules\firebase-tools\node_modules\@inquirer\core\dist\commonjs\lib\create-prompt.js:101:37)
    at Interface.emit (node:events:508:28)
    at [_ttyWrite] [as _ttyWrite] (node:internal/readline/interface:1327:18)
    at ReadStream.onkeypress (node:internal/readline/interface:284:20)
    at ReadStream.emit (node:events:520:35)
    at emitKeys (node:internal/readline/utils:371:14)
    at emitKeys.next (<anonymous>)
    at ReadStream.onData (node:internal/readline/emitKeypressEvents:64:36)
    at ReadStream.emit (node:events:508:28)
    at addChunk (node:internal/streams/readable:563:12)
[error] 
[error] Error: An unexpected error has occurred.
